<?xml version="1.0" encoding="UTF-8"?>
<testsuite name="com.aliyagiztar.java_docker_hello.ApplicationTests" tests="1" skipped="0" failures="0" errors="0" timestamp="2024-09-27T19:33:52" hostname="Ali-MacBook-Pro.local" time="0.432">
  <properties/>
  <testcase name="contextLoads()" classname="com.aliyagiztar.java_docker_hello.ApplicationTests" time="0.432"/>
  <system-out><![CDATA[22:33:51.270 [Test worker] INFO org.springframework.test.context.support.AnnotationConfigContextLoaderUtils -- Could not detect default configuration classes for test class [com.aliyagiztar.java_docker_hello.ApplicationTests]: ApplicationTests does not declare any static, non-private, non-final, nested classes annotated with @Configuration.
22:33:51.324 [Test worker] INFO org.springframework.boot.test.context.SpringBootTestContextBootstrapper -- Found @SpringBootConfiguration com.aliyagiztar.java_docker_hello.Application for test class com.aliyagiztar.java_docker_hello.ApplicationTests

  .   ____          _            __ _ _
 /\\ / ___'_ __ _ _(_)_ __  __ _ \ \ \ \
( ( )\___ | '_ | '_| | '_ \/ _` | \ \ \ \
 \\/  ___)| |_)| | | | | || (_| |  ) ) ) )
  '  |____| .__|_| |_|_| |_\__, | / / / /
 =========|_|==============|___/=/_/_/_/

 :: Spring Boot ::                (v3.3.4)

2024-09-27T22:33:51.498+03:00  INFO 9815 --- [    Test worker] c.a.java_docker_hello.ApplicationTests   : Starting ApplicationTests using Java 17.0.12 with PID 9815 (started by aliyagiztar in /Users/aliyagiztar/Desktop/Workspace/Github/Docker_Springboot_Hello)
2024-09-27T22:33:51.499+03:00  INFO 9815 --- [    Test worker] c.a.java_docker_hello.ApplicationTests   : No active profile set, falling back to 1 default profile: "default"
2024-09-27T22:33:52.075+03:00  INFO 9815 --- [    Test worker] c.a.java_docker_hello.ApplicationTests   : Started ApplicationTests in 0.683 seconds (process running for 1.229)
]]></system-out>
  <system-err><![CDATA[]]></system-err>
</testsuite>
